<?xml version="1.0" encoding="UTF-8"?>
<!-- Generated by org.testng.reporters.JUnitReportReporter -->
<testsuite hostname="DESKTOP-A9G6G2M" failures="0" tests="1" name="Test.Test_Class" time="25.995" errors="0" timestamp="2024-03-04T14:38:01 IST" skipped="0">
  <testcase classname="Test.Test_Class" name="verifyuserID" time="25.995"/>
  <system-out>
    <![CDATA[running verify user id]]>
  </system-out>
</testsuite> <!-- Test.Test_Class -->
